<?xml version="1.0" encoding="UTF-8"?>
<!-- Generated by org.testng.reporters.JUnitXMLReporter -->
<testsuite ignored="0" hostname="DESKTOP-BFV7AEF" failures="0" tests="6" name="Default test" time="26.108" errors="0" timestamp="2024-07-16T21:53:03 IST">
  <testcase classname="api.test.DDTest" name="createUser" time="6.325"/>
  <testcase classname="api.test.DDTest" name="createUser" time="1.283"/>
  <testcase classname="api.test.DDTest" name="createUser" time="1.495"/>
  <testcase classname="api.test.DDTest" name="deleteUser" time="2.689"/>
  <testcase classname="api.test.DDTest" name="deleteUser" time="4.004"/>
  <testcase classname="api.test.DDTest" name="deleteUser" time="7.842"/>
</testsuite> <!-- Default test -->
