<?xml version="1.0" encoding="UTF-8"?>
<!-- Generated by org.testng.reporters.JUnitXMLReporter -->
<testsuite ignored="0" hostname="DESKTOP-BFV7AEF" failures="0" tests="6" name="Test" time="14.22" errors="0" timestamp="2024-07-17T15:53:50 IST">
  <testcase classname="api.test.DDTest" name="createUser" time="4.619"/>
  <testcase classname="api.test.DDTest" name="createUser" time="1.196"/>
  <testcase classname="api.test.DDTest" name="createUser" time="1.16"/>
  <testcase classname="api.test.DDTest" name="deleteUser" time="1.622"/>
  <testcase classname="api.test.DDTest" name="deleteUser" time="1.425"/>
  <testcase classname="api.test.DDTest" name="deleteUser" time="1.143"/>
</testsuite> <!-- Test -->
